Flattening unmatched subcell sky130_fd_pr__cap_mim_m3_1_XTS2C5 in circuit tt_um_tetrahedral_oscilator (0)(16 instances)
Flattening unmatched subcell osc_nucleo_temp in circuit tt_um_tetrahedral_oscilator (0)(1 instance)

Subcircuit summary:
Circuit 1: sky130_fd_sc_hd__inv_1          |Circuit 2: sky130_fd_sc_hd__inv_1          
-------------------------------------------|-------------------------------------------
sky130_fd_pr__nfet_01v8 (1)                |sky130_fd_pr__nfet_01v8 (1)                
sky130_fd_pr__pfet_01v8_hvt (1)            |sky130_fd_pr__pfet_01v8_hvt (1)            
Number of devices: 2                       |Number of devices: 2                       
Number of nets: 6                          |Number of nets: 6                          
---------------------------------------------------------------------------------------
Circuits match uniquely.
Netlists match uniquely.

Subcircuit pins:
Circuit 1: sky130_fd_sc_hd__inv_1          |Circuit 2: sky130_fd_sc_hd__inv_1          
-------------------------------------------|-------------------------------------------
VGND                                       |VGND                                       
VNB                                        |VNB                                        
VPWR                                       |VPWR                                       
VPB                                        |VPB                                        
A                                          |A                                          
Y                                          |Y                                          
---------------------------------------------------------------------------------------
Cell pin lists are equivalent.
Device classes sky130_fd_sc_hd__inv_1 and sky130_fd_sc_hd__inv_1 are equivalent.
Class sky130_fd_sc_hd__inv_2:  Merged 2 devices.
Class sky130_fd_sc_hd__inv_2:  Merged 2 devices.

Subcircuit summary:
Circuit 1: sky130_fd_sc_hd__inv_2          |Circuit 2: sky130_fd_sc_hd__inv_2          
-------------------------------------------|-------------------------------------------
sky130_fd_pr__pfet_01v8_hvt (1)            |sky130_fd_pr__pfet_01v8_hvt (1)            
sky130_fd_pr__nfet_01v8 (1)                |sky130_fd_pr__nfet_01v8 (1)                
Number of devices: 2                       |Number of devices: 2                       
Number of nets: 6                          |Number of nets: 6                          
---------------------------------------------------------------------------------------
Circuits match uniquely.
Netlists match uniquely.

Subcircuit pins:
Circuit 1: sky130_fd_sc_hd__inv_2          |Circuit 2: sky130_fd_sc_hd__inv_2          
-------------------------------------------|-------------------------------------------
VGND                                       |VGND                                       
VNB                                        |VNB                                        
VPWR                                       |VPWR                                       
VPB                                        |VPB                                        
Y                                          |Y                                          
A                                          |A                                          
---------------------------------------------------------------------------------------
Cell pin lists are equivalent.
Device classes sky130_fd_sc_hd__inv_2 and sky130_fd_sc_hd__inv_2 are equivalent.
Class sky130_fd_sc_hd__inv_4:  Merged 6 devices.
Class sky130_fd_sc_hd__inv_4:  Merged 6 devices.

Subcircuit summary:
Circuit 1: sky130_fd_sc_hd__inv_4          |Circuit 2: sky130_fd_sc_hd__inv_4          
-------------------------------------------|-------------------------------------------
sky130_fd_pr__pfet_01v8_hvt (1)            |sky130_fd_pr__pfet_01v8_hvt (1)            
sky130_fd_pr__nfet_01v8 (1)                |sky130_fd_pr__nfet_01v8 (1)                
Number of devices: 2                       |Number of devices: 2                       
Number of nets: 6                          |Number of nets: 6                          
---------------------------------------------------------------------------------------
Circuits match uniquely.
Netlists match uniquely.

Subcircuit pins:
Circuit 1: sky130_fd_sc_hd__inv_4          |Circuit 2: sky130_fd_sc_hd__inv_4          
-------------------------------------------|-------------------------------------------
VGND                                       |VGND                                       
VNB                                        |VNB                                        
VPWR                                       |VPWR                                       
VPB                                        |VPB                                        
Y                                          |Y                                          
A                                          |A                                          
---------------------------------------------------------------------------------------
Cell pin lists are equivalent.
Device classes sky130_fd_sc_hd__inv_4 and sky130_fd_sc_hd__inv_4 are equivalent.
Class sky130_fd_sc_hd__buf_16:  Merged 40 devices.
Class sky130_fd_sc_hd__buf_16:  Merged 40 devices.

Subcircuit summary:
Circuit 1: sky130_fd_sc_hd__buf_16         |Circuit 2: sky130_fd_sc_hd__buf_16         
-------------------------------------------|-------------------------------------------
sky130_fd_pr__nfet_01v8 (2)                |sky130_fd_pr__nfet_01v8 (2)                
sky130_fd_pr__pfet_01v8_hvt (2)            |sky130_fd_pr__pfet_01v8_hvt (2)            
Number of devices: 4                       |Number of devices: 4                       
Number of nets: 7                          |Number of nets: 7                          
---------------------------------------------------------------------------------------
Circuits match uniquely.
Netlists match uniquely.

Subcircuit pins:
Circuit 1: sky130_fd_sc_hd__buf_16         |Circuit 2: sky130_fd_sc_hd__buf_16         
-------------------------------------------|-------------------------------------------
X                                          |X                                          
VPWR                                       |VPWR                                       
VPB                                        |VPB                                        
VGND                                       |VGND                                       
VNB                                        |VNB                                        
A                                          |A                                          
---------------------------------------------------------------------------------------
Cell pin lists are equivalent.
Device classes sky130_fd_sc_hd__buf_16 and sky130_fd_sc_hd__buf_16 are equivalent.
Class tt_um_tetrahedral_oscilator:  Merged 12 devices.
Class tt_um_tetrahedral_oscilator_xschem_lvs:  Merged 12 devices.

Subcircuit summary:
Circuit 1: tt_um_tetrahedral_oscilator     |Circuit 2: tt_um_tetrahedral_oscilator_xsc 
-------------------------------------------|-------------------------------------------
sky130_fd_sc_hd__inv_1 (4)                 |sky130_fd_sc_hd__inv_1 (4)                 
sky130_fd_sc_hd__inv_2 (4)                 |sky130_fd_sc_hd__inv_2 (4)                 
sky130_fd_sc_hd__inv_4 (4)                 |sky130_fd_sc_hd__inv_4 (4)                 
sky130_fd_pr__cap_mim_m3_1 (4)             |sky130_fd_pr__cap_mim_m3_1 (4)             
sky130_fd_sc_hd__buf_16 (4)                |sky130_fd_sc_hd__buf_16 (4)                
Number of devices: 20                      |Number of devices: 20                      
Number of nets: 10                         |Number of nets: 10                         
---------------------------------------------------------------------------------------
Netlists match with 7 symmetries.
Circuits match correctly.

Subcircuit pins:
Circuit 1: tt_um_tetrahedral_oscilator     |Circuit 2: tt_um_tetrahedral_oscilator_xsc 
-------------------------------------------|-------------------------------------------
VDPWR                                      |VDPWR                                      
VGND                                       |VGND                                       
---------------------------------------------------------------------------------------
Cell pin lists are equivalent.
Device classes tt_um_tetrahedral_oscilator and tt_um_tetrahedral_oscilator_xschem_lvs are equivalent.
Circuits match uniquely.
