
Magic 8.3 revision 634 - Compiled on dom 12 abr 2026 10:59:58 PDT.
Starting magic under Tcl interpreter
Using the terminal as the console.
Using NULL graphics device.
Processing system .magicrc file
Switching to WIRING tool.
Switching to NETLIST tool.
Switching to PICK tool.
Switching to BOX tool.
Sourcing design .magicrc for technology sky130A ...
2 Magic internal units = 1 Lambda
Input style sky130(): scaleFactor=2, multiplier=2
The following types are not handled by extraction and will be treated as non-electrical types:
    ubm 
Scaled tech values by 2 / 1 to match internal grid scaling
Loading sky130A Device Generator Menu ...
Loading "run_magic_antenna.tcl" from command line.
Cell tt_um_tetrahedral_oscilator read from current working directory
Cell sky130_fd_pr__cap_mim_m3_1_XTS2C5 read from current working directory
Cell sky130_fd_sc_hd__buf_16 read from path /home/romeruu/pdk/sky130A/libs.ref/sky130_fd_sc_hd/mag
Cell sky130_fd_sc_hd__inv_1 read from path /home/romeruu/pdk/sky130A/libs.ref/sky130_fd_sc_hd/mag
Cell sky130_fd_sc_hd__inv_2 read from path /home/romeruu/pdk/sky130A/libs.ref/sky130_fd_sc_hd/mag
Cell sky130_fd_sc_hd__inv_4 read from path /home/romeruu/pdk/sky130A/libs.ref/sky130_fd_sc_hd/mag
Scaled magic input cell sky130_fd_sc_hd__inv_4 geometry by factor of 2
Cell osc_nucleo_temp read from current working directory
Cell sky130_fd_sc_hd__tapvpwrvgnd_1 read from path /home/romeruu/pdk/sky130A/libs.ref/sky130_fd_sc_hd/mag
Extracting sky130_fd_pr__cap_mim_m3_1_XTS2C5 into sky130_fd_pr__cap_mim_m3_1_XTS2C5.ext:
Extracting sky130_fd_sc_hd__buf_16 into sky130_fd_sc_hd__buf_16.ext:
Extracting sky130_fd_sc_hd__inv_1 into sky130_fd_sc_hd__inv_1.ext:
Extracting sky130_fd_sc_hd__inv_2 into sky130_fd_sc_hd__inv_2.ext:
Extracting sky130_fd_sc_hd__inv_4 into sky130_fd_sc_hd__inv_4.ext:
Extracting sky130_fd_sc_hd__tapvpwrvgnd_1 into sky130_fd_sc_hd__tapvpwrvgnd_1.ext:
Extracting osc_nucleo_temp into osc_nucleo_temp.ext:
Extracting tt_um_tetrahedral_oscilator into tt_um_tetrahedral_oscilator.ext:
Reading extract file.
Building flattened netlist.
Running antenna checks.
antennacheck finished.
